<?xml version="1.0" encoding="UTF-8"?>
<!-- Generated by org.testng.reporters.JUnitXMLReporter -->
<testsuite ignored="4" hostname="LAPTOP-G93O00BF" failures="0" tests="1" name="Default test" time="9.807" errors="0" timestamp="2022-07-08T20:01:30 IST">
  <testcase classname="test.ZerodhaSearchAndViewLiistTest" name="stockPriceOnPage" time="2.978"/>
  <testcase classname="test.ZerodhaSearchAndViewLiistTest" name="searchAndViewListTest" time="0.0">
    <ignored/>
  </testcase> <!-- searchAndViewListTest -->
  <testcase classname="test.ZerodhaSearchAndViewLiistTest" name="clickOnListAndSearch" time="0.0">
    <ignored/>
  </testcase> <!-- clickOnListAndSearch -->
  <testcase classname="test.ZerodhaSearchAndViewLiistTest" name="actionOnDefaultStock" time="0.0">
    <ignored/>
  </testcase> <!-- actionOnDefaultStock -->
  <testcase classname="test.ZerodhaSearchAndViewLiistTest" name="searchStockByThreeWords" time="0.0">
    <ignored/>
  </testcase> <!-- searchStockByThreeWords -->
</testsuite> <!-- Default test -->
