<?xml version="1.0" encoding="UTF-8"?>
<testng-results ignored="4" total="5" passed="1" failed="0" skipped="0">
  <reporter-output>
  </reporter-output>
  <suite started-at="2022-07-08T20:01:20 IST" name="Default suite" finished-at="2022-07-08T20:01:30 IST" duration-ms="9807">
    <groups>
    </groups>
    <test started-at="2022-07-08T20:01:20 IST" name="Default test" finished-at="2022-07-08T20:01:30 IST" duration-ms="9807">
      <class name="test.ZerodhaSearchAndViewLiistTest">
        <test-method is-config="true" signature="login()[pri:0, instance:test.ZerodhaSearchAndViewLiistTest@5fdcaa40]" started-at="2022-07-08T20:01:20 IST" name="login" finished-at="2022-07-08T20:01:27 IST" duration-ms="6782" status="PASS">
          <reporter-output>
          </reporter-output>
        </test-method> <!-- login -->
        <test-method signature="stockPriceOnPage()[pri:0, instance:test.ZerodhaSearchAndViewLiistTest@5fdcaa40]" started-at="2022-07-08T20:01:27 IST" name="stockPriceOnPage" finished-at="2022-07-08T20:01:30 IST" duration-ms="2978" status="PASS">
          <reporter-output>
          </reporter-output>
        </test-method> <!-- stockPriceOnPage -->
      </class> <!-- test.ZerodhaSearchAndViewLiistTest -->
    </test> <!-- Default test -->
  </suite> <!-- Default suite -->
</testng-results>
